[INFO] Scanning for projects...
[INFO] 
[INFO] --------------------< test:incredible-slow-graalvm >--------------------
[INFO] Building incredible-slow-graalvm 0.0.1-SNAPSHOT
[INFO] --------------------------------[ jar ]---------------------------------
[INFO] 
[INFO] --- maven-clean-plugin:2.5:clean (default-clean) @ incredible-slow-graalvm ---
[INFO] Deleting /tmp/graalvm-test/incredible-slow-graalvm/target
[INFO] 
[INFO] --- maven-resources-plugin:2.6:resources (default-resources) @ incredible-slow-graalvm ---
[INFO] Using 'UTF-8' encoding to copy filtered resources.
[INFO] skip non existing resourceDirectory /tmp/graalvm-test/incredible-slow-graalvm/src/main/resources
[INFO] 
[INFO] --- maven-compiler-plugin:3.8.1:compile (default-compile) @ incredible-slow-graalvm ---
[INFO] Changes detected - recompiling the module!
[INFO] Compiling 1 source file to /tmp/graalvm-test/incredible-slow-graalvm/target/classes
[INFO] 
[INFO] --- maven-resources-plugin:2.6:testResources (default-testResources) @ incredible-slow-graalvm ---
[INFO] Using 'UTF-8' encoding to copy filtered resources.
[INFO] skip non existing resourceDirectory /tmp/graalvm-test/incredible-slow-graalvm/src/test/resources
[INFO] 
[INFO] --- maven-compiler-plugin:3.8.1:testCompile (default-testCompile) @ incredible-slow-graalvm ---
[INFO] No sources to compile
[INFO] 
[INFO] --- maven-surefire-plugin:2.12.4:test (default-test) @ incredible-slow-graalvm ---
[INFO] No tests to run.
[INFO] 
[INFO] --- maven-jar-plugin:2.4:jar (default-jar) @ incredible-slow-graalvm ---
[INFO] Building jar: /tmp/graalvm-test/incredible-slow-graalvm/target/incredible-slow-graalvm-0.0.1-SNAPSHOT.jar
[INFO] 
[INFO] --- native-maven-plugin:0.9.9:build (build-native) @ incredible-slow-graalvm ---
[INFO] ImageClasspath Entry: test:incredible-slow-graalvm:jar:0.0.1-SNAPSHOT (file:///tmp/graalvm-test/incredible-slow-graalvm/target/incredible-slow-graalvm-0.0.1-SNAPSHOT.jar)
[INFO] Executing: /run/media/danykey/SSD-250GB/dev/tools/graalvm-ce-java17-21.3.0/bin/native-image -cp /tmp/graalvm-test/incredible-slow-graalvm/target/incredible-slow-graalvm-0.0.1-SNAPSHOT.jar --native-image-info --verbose -H:Class=test.IncredibleSlowGraalVmTest -H:Name=incredible-slow-graalvm
Executing [
/run/media/danykey/SSD-250GB/dev/tools/graalvm-ce-java17-21.3.0/bin/java \
-XX:+UseParallelGC \
-XX:+UnlockExperimentalVMOptions \
-XX:+EnableJVMCI \
-Dtruffle.TrustAllTruffleRuntimeProviders=true \
-Dtruffle.TruffleRuntime=com.oracle.truffle.api.impl.DefaultTruffleRuntime \
-Dgraalvm.ForcePolyglotInvalid=true \
-Dgraalvm.locatorDisabled=true \
-Dsubstratevm.IgnoreGraalVersionCheck=true \
--add-exports=java.base/com.sun.crypto.provider=ALL-UNNAMED \
--add-exports=java.base/jdk.internal.access.foreign=ALL-UNNAMED \
--add-exports=java.base/jdk.internal.event=ALL-UNNAMED \
--add-exports=java.base/jdk.internal.loader=ALL-UNNAMED \
--add-exports=java.base/jdk.internal.logger=ALL-UNNAMED \
--add-exports=java.base/jdk.internal.misc=ALL-UNNAMED \
--add-exports=java.base/jdk.internal.module=ALL-UNNAMED \
--add-exports=java.base/jdk.internal.org.objectweb.asm=ALL-UNNAMED \
--add-exports=java.base/jdk.internal.org.xml.sax.helpers=ALL-UNNAMED \
--add-exports=java.base/jdk.internal.perf=ALL-UNNAMED \
--add-exports=java.base/jdk.internal.platform=ALL-UNNAMED \
--add-exports=java.base/jdk.internal.ref=ALL-UNNAMED \
--add-exports=java.base/jdk.internal.reflect=ALL-UNNAMED \
--add-exports=java.base/jdk.internal.util.xml.impl=ALL-UNNAMED \
--add-exports=java.base/jdk.internal.util.xml=ALL-UNNAMED \
--add-exports=java.base/sun.invoke.util=ALL-UNNAMED \
--add-exports=java.base/sun.nio.ch=ALL-UNNAMED \
--add-exports=java.base/sun.reflect.annotation=ALL-UNNAMED \
--add-exports=java.base/sun.reflect.generics.reflectiveObjects=ALL-UNNAMED \
--add-exports=java.base/sun.reflect.generics.repository=ALL-UNNAMED \
--add-exports=java.base/sun.reflect.generics.tree=ALL-UNNAMED \
--add-exports=java.base/sun.security.jca=ALL-UNNAMED \
--add-exports=java.base/sun.security.provider=ALL-UNNAMED \
--add-exports=java.base/sun.security.util=ALL-UNNAMED \
--add-exports=java.base/sun.text.spi=ALL-UNNAMED \
--add-exports=java.base/sun.util.calendar=ALL-UNNAMED \
--add-exports=java.base/sun.util.locale.provider=ALL-UNNAMED \
--add-exports=java.base/sun.util.resources=ALL-UNNAMED \
--add-exports=java.xml.crypto/org.jcp.xml.dsig.internal.dom=ALL-UNNAMED \
--add-exports=jdk.internal.vm.ci/jdk.vm.ci.aarch64=ALL-UNNAMED \
--add-exports=jdk.internal.vm.ci/jdk.vm.ci.amd64=ALL-UNNAMED \
--add-exports=jdk.internal.vm.ci/jdk.vm.ci.code.site=ALL-UNNAMED \
--add-exports=jdk.internal.vm.ci/jdk.vm.ci.code.stack=ALL-UNNAMED \
--add-exports=jdk.internal.vm.ci/jdk.vm.ci.code=ALL-UNNAMED \
--add-exports=jdk.internal.vm.ci/jdk.vm.ci.common=ALL-UNNAMED \
--add-exports=jdk.internal.vm.ci/jdk.vm.ci.hotspot.aarch64=ALL-UNNAMED \
--add-exports=jdk.internal.vm.ci/jdk.vm.ci.hotspot.amd64=ALL-UNNAMED \
--add-exports=jdk.internal.vm.ci/jdk.vm.ci.hotspot=ALL-UNNAMED \
--add-exports=jdk.internal.vm.ci/jdk.vm.ci.meta=ALL-UNNAMED \
--add-exports=jdk.internal.vm.ci/jdk.vm.ci.runtime=ALL-UNNAMED \
--add-exports=jdk.internal.vm.ci/jdk.vm.ci.services=ALL-UNNAMED \
--add-exports=jdk.jfr/jdk.jfr.events=ALL-UNNAMED \
--add-exports=jdk.jfr/jdk.jfr.internal.consumer=ALL-UNNAMED \
--add-exports=jdk.jfr/jdk.jfr.internal.handlers=ALL-UNNAMED \
--add-exports=jdk.jfr/jdk.jfr.internal.jfc=ALL-UNNAMED \
--add-exports=jdk.jfr/jdk.jfr.internal=ALL-UNNAMED \
-XX:+UseJVMCINativeLibrary \
-Xss10m \
-Xms1g \
-Xmx14g \
-Duser.country=US \
-Duser.language=en \
-Djava.awt.headless=true \
-Dorg.graalvm.version=21.3.0 \
-Dorg.graalvm.config=CE \
-Dcom.oracle.graalvm.isaot=true \
-Djava.system.class.loader=com.oracle.svm.hosted.NativeImageSystemClassLoader \
-Xshare:off \
-Djdk.internal.lambda.disableEagerInitialization=true \
-Djdk.internal.lambda.eagerlyInitialize=false \
-Djava.lang.invoke.InnerClassLambdaMetafactory.initializeLambdas=false \
-javaagent:/run/media/danykey/SSD-250GB/dev/tools/graalvm-ce-java17-21.3.0/lib/svm/builder/svm.jar \
-cp \
/run/media/danykey/SSD-250GB/dev/tools/graalvm-ce-java17-21.3.0/lib/svm/builder/pointsto.jar:/run/media/danykey/SSD-250GB/dev/tools/graalvm-ce-java17-21.3.0/lib/svm/builder/objectfile.jar:/run/media/danykey/SSD-250GB/dev/tools/graalvm-ce-java17-21.3.0/lib/svm/builder/svm-llvm.jar:/run/media/danykey/SSD-250GB/dev/tools/graalvm-ce-java17-21.3.0/lib/svm/builder/llvm-wrapper-shadowed.jar:/run/media/danykey/SSD-250GB/dev/tools/graalvm-ce-java17-21.3.0/lib/svm/builder/javacpp-shadowed.jar:/run/media/danykey/SSD-250GB/dev/tools/graalvm-ce-java17-21.3.0/lib/svm/builder/llvm-platform-specific-shadowed.jar:/run/media/danykey/SSD-250GB/dev/tools/graalvm-ce-java17-21.3.0/lib/svm/builder/svm.jar \
--module-path \
/run/media/danykey/SSD-250GB/dev/tools/graalvm-ce-java17-21.3.0/lib/truffle/truffle-api.jar \
'com.oracle.svm.hosted.NativeImageGeneratorRunner$JDK9Plus' \
-watchpid \
221545 \
-imagecp \
/tmp/graalvm-test/incredible-slow-graalvm/target/incredible-slow-graalvm-0.0.1-SNAPSHOT.jar:/run/media/danykey/SSD-250GB/dev/tools/graalvm-ce-java17-21.3.0/lib/svm/library-support.jar \
-H:Path=/tmp/graalvm-test/incredible-slow-graalvm/target \
-H:+DumpTargetInfo \
-H:Class=test.IncredibleSlowGraalVmTest \
-H:Name=incredible-slow-graalvm \
-H:CLibraryPath=/run/media/danykey/SSD-250GB/dev/tools/graalvm-ce-java17-21.3.0/lib/svm/clibraries/linux-amd64
]
[incredible-slow-graalvm:221568]    classlist:     600.82 ms,  0.96 GB
[incredible-slow-graalvm:221568]        (cap):     606.14 ms,  0.96 GB
[incredible-slow-graalvm:221568]        setup:   2,178.39 ms,  0.96 GB
# Printing compilation-target information to: /tmp/graalvm-test/incredible-slow-graalvm/target/reports/target_info_20220115_145601.txt
[incredible-slow-graalvm:221568]     (clinit):     168.01 ms,  2.35 GB
# Printing native-library information to: /tmp/graalvm-test/incredible-slow-graalvm/target/reports/native_library_info_20220115_145608.txt
[incredible-slow-graalvm:221568]   (typeflow):   1,543.55 ms,  2.35 GB
[incredible-slow-graalvm:221568]    (objects):   3,158.16 ms,  2.35 GB
[incredible-slow-graalvm:221568]   (features):   1,529.79 ms,  2.35 GB
[incredible-slow-graalvm:221568]     analysis:   6,886.90 ms,  2.35 GB
[incredible-slow-graalvm:221568]     universe:     588.52 ms,  2.35 GB
[incredible-slow-graalvm:221568]      (parse):     424.40 ms,  2.35 GB
[incredible-slow-graalvm:221568]     (inline):     465.38 ms,  2.36 GB
[incredible-slow-graalvm:221568]    (compile):   3,867.40 ms,  4.64 GB
[incredible-slow-graalvm:221568]      compile:   5,388.14 ms,  4.64 GB
[incredible-slow-graalvm:221568]        image:   1,074.93 ms,  4.64 GB
[incredible-slow-graalvm:221568]        write:     162.56 ms,  4.64 GB
[incredible-slow-graalvm:221568]      [total]:  17,096.54 ms,  4.64 GB
# Printing build artifacts to: /tmp/graalvm-test/incredible-slow-graalvm/target/incredible-slow-graalvm.build_artifacts.txt
[INFO] ------------------------------------------------------------------------
[INFO] BUILD SUCCESS
[INFO] ------------------------------------------------------------------------
[INFO] Total time:  19.158 s
[INFO] Finished at: 2022-01-15T14:56:16+03:00
[INFO] ------------------------------------------------------------------------
